<?xml version="1.0" encoding="UTF-8"?>
<testng-results skipped="0" failed="0" ignored="0" total="1" passed="1">
  <reporter-output>
  </reporter-output>
  <suite name="Default suite" duration-ms="16942" started-at="2019-02-12T07:32:00Z" finished-at="2019-02-12T07:32:17Z">
    <groups>
    </groups>
    <test name="Default test" duration-ms="16942" started-at="2019-02-12T07:32:00Z" finished-at="2019-02-12T07:32:17Z">
      <class name="SeleniumWebDriver.DevOpsDemo.Herokudemo">
        <test-method status="PASS" signature="beforeTest()[pri:0, instance:SeleniumWebDriver.DevOpsDemo.Herokudemo@14acaea5]" name="beforeTest" is-config="true" duration-ms="15691" started-at="2019-02-12T13:02:00Z" finished-at="2019-02-12T13:02:16Z">
          <reporter-output>
          </reporter-output>
        </test-method> <!-- beforeTest -->
        <test-method status="PASS" signature="herokuapp()[pri:0, instance:SeleniumWebDriver.DevOpsDemo.Herokudemo@14acaea5]" name="herokuapp" duration-ms="1092" started-at="2019-02-12T13:02:16Z" finished-at="2019-02-12T13:02:17Z">
          <reporter-output>
          </reporter-output>
        </test-method> <!-- herokuapp -->
        <test-method status="PASS" signature="afterTest()[pri:0, instance:SeleniumWebDriver.DevOpsDemo.Herokudemo@14acaea5]" name="afterTest" is-config="true" duration-ms="137" started-at="2019-02-12T13:02:17Z" finished-at="2019-02-12T13:02:17Z">
          <reporter-output>
          </reporter-output>
        </test-method> <!-- afterTest -->
      </class> <!-- SeleniumWebDriver.DevOpsDemo.Herokudemo -->
    </test> <!-- Default test -->
  </suite> <!-- Default suite -->
</testng-results>
